\BOOKMARK [0][-]{chapter.1}{\376\377\176\352\213\272}{}% 3
\BOOKMARK [1][-]{section.1.1}{\376\377\170\024\172\166\200\314\146\157\116\016\141\017\116\111}{chapter.1}% 4
\BOOKMARK [1][-]{section.1.2}{\376\377\126\375\121\205\131\026\170\024\172\166\163\260\162\266}{chapter.1}% 5
\BOOKMARK [2][-]{subsection.1.2.1}{\376\377\177\026\170\001\213\241\173\227\170\024\172\166\163\260\162\266}{section.1.2}% 6
\BOOKMARK [2][-]{subsection.1.2.2}{\376\377\122\006\136\003\137\017\117\341\156\220\177\026\170\001\170\024\172\166\163\260\162\266}{section.1.2}% 7
\BOOKMARK [1][-]{section.1.3}{\376\377\116\073\211\201\170\024\172\166\121\205\133\271\116\016\213\272\145\207\176\323\147\204}{chapter.1}% 8
\BOOKMARK [0][-]{chapter.2}{\376\377\164\006\213\272\127\372\170\100\116\016\166\370\121\163\142\200\147\057}{}% 9
\BOOKMARK [1][-]{section.2.1}{\376\377\177\026\170\001\213\241\173\227\127\372\170\100}{chapter.2}% 10
\BOOKMARK [2][-]{subsection.2.1.1}{\376\377\227\142\124\021\167\351\226\065\000-\124\021\221\317\116\130\154\325\166\204\177\026\170\001\213\241\173\227}{section.2.1}% 11
\BOOKMARK [2][-]{subsection.2.1.2}{\376\377\227\142\124\021\122\006\136\003\137\017\133\146\116\140\166\204\177\026\170\001\213\241\173\227}{section.2.1}% 12
\BOOKMARK [1][-]{section.2.2}{\376\377\122\006\136\003\137\017\117\341\156\220\177\026\170\001\127\372\170\100}{chapter.2}% 13
\BOOKMARK [2][-]{subsection.2.2.1}{\376\377\133\214\145\164\140\142\131\015\166\204\000D\000S\000C}{section.2.2}% 14
\BOOKMARK [2][-]{subsection.2.2.2}{\376\377\176\277\140\047\140\142\131\015\166\204\000D\000S\000C}{section.2.2}% 15
\BOOKMARK [1][-]{section.2.3}{\376\377\227\136\153\143\116\244\131\032\127\100\143\245\121\145\142\200\147\057}{chapter.2}% 16
\BOOKMARK [1][-]{section.2.4}{\376\377\121\371\121\370\217\307\172\013\116\016\135\356\122\006\121\370\211\304\122\022\164\006\213\272}{chapter.2}% 17
\BOOKMARK [1][-]{section.2.5}{\376\377\147\054\172\340\134\017\176\323}{chapter.2}% 18
\BOOKMARK [0][-]{chapter.3}{\376\377\227\142\124\021\133\214\145\164\140\142\131\015\166\204\000D\000S\000C\217\205\122\251\177\026\170\001\213\241\173\227\176\323\147\234\117\040\217\223\145\271\154\325\170\024\172\166}{}% 19
\BOOKMARK [1][-]{section.3.1}{\376\377\137\025\212\000}{chapter.3}% 20
\BOOKMARK [1][-]{section.3.2}{\376\377\174\373\176\337\152\041\127\213\116\016\225\356\230\230\136\372\152\041}{chapter.3}% 21
\BOOKMARK [2][-]{subsection.3.2.1}{\376\377\177\026\170\001\213\241\173\227\152\041\127\213}{section.3.2}% 22
\BOOKMARK [2][-]{subsection.3.2.2}{\376\377\116\013\210\114\117\040\217\223\152\041\127\213}{section.3.2}% 23
\BOOKMARK [2][-]{subsection.3.2.3}{\376\377\227\142\124\021\133\214\145\164\140\142\131\015\166\204\000\040\000D\000S\000C\000\040\217\205\122\251\117\040\217\223\147\072\122\066}{section.3.2}% 24
\BOOKMARK [2][-]{subsection.3.2.4}{\376\377\147\000\134\017\123\026\116\013\210\114\117\040\217\223\145\366\136\366\117\030\123\026\225\356\230\230}{section.3.2}% 25
\BOOKMARK [1][-]{section.3.3}{\376\377\127\372\116\216\000\040\000C\000C\000C\000P\000\040\166\204\145\366\136\366\117\030\123\026\173\227\154\325}{chapter.3}% 26
\BOOKMARK [1][-]{section.3.4}{\376\377\116\377\167\037\116\016\140\047\200\375\122\006\147\220}{chapter.3}% 27
\BOOKMARK [1][-]{section.3.5}{\376\377\147\054\172\340\134\017\176\323}{chapter.3}% 28
\BOOKMARK [0][-]{chapter.4}{\376\377\227\142\124\021\176\277\140\047\140\142\131\015\166\204\000D\000S\000C\217\205\122\251\177\026\170\001\213\241\173\227\176\323\147\234\117\040\217\223\145\271\154\325\170\024\172\166}{}% 29
\BOOKMARK [1][-]{section.4.1}{\376\377\137\025\212\000}{chapter.4}% 30
\BOOKMARK [1][-]{section.4.2}{\376\377\174\373\176\337\152\041\127\213\116\016\225\356\230\230\136\372\152\041}{chapter.4}% 31
\BOOKMARK [2][-]{subsection.4.2.1}{\376\377\150\257\136\246\177\026\170\001\213\241\173\227\152\041\127\213}{section.4.2}% 32
\BOOKMARK [2][-]{subsection.4.2.2}{\376\377\116\013\210\114\117\040\217\223\152\041\127\213}{section.4.2}% 33
\BOOKMARK [2][-]{subsection.4.2.3}{\376\377\227\142\124\021\176\277\140\047\140\142\131\015\166\204\000\040\000D\000S\000C\000\040\217\205\122\251\117\040\217\223\147\072\122\066}{section.4.2}% 34
\BOOKMARK [2][-]{subsection.4.2.4}{\376\377\147\000\134\017\123\026\116\013\210\114\117\040\217\223\145\366\136\366\117\030\123\026\225\356\230\230}{section.4.2}% 35
\BOOKMARK [1][-]{section.4.3}{\376\377\127\372\116\216\000\040\000C\000C\000C\000P\000\040\166\204\145\366\136\366\117\030\123\026\173\227\154\325}{chapter.4}% 36
\BOOKMARK [1][-]{section.4.4}{\376\377\116\377\167\037\140\047\200\375\116\016\122\006\147\220}{chapter.4}% 37
\BOOKMARK [1][-]{section.4.5}{\376\377\147\054\172\340\134\017\176\323}{chapter.4}% 38
\BOOKMARK [0][-]{chapter.5}{\376\377\140\073\176\323\116\016\134\125\147\033}{}% 39
\BOOKMARK [1][-]{section.5.1}{\376\377\121\150\145\207\140\073\176\323}{chapter.5}% 40
\BOOKMARK [1][-]{section.5.2}{\376\377\147\052\147\145\134\125\147\033}{chapter.5}% 41
\BOOKMARK [0][-]{section*.38}{\376\377\123\302\200\003\145\207\163\056}{}% 42
\BOOKMARK [0][-]{appendix.A}{\376\377\227\142\124\021\133\214\145\164\140\142\131\015\166\204\000D\000S\000C\217\205\122\251\177\026\170\001\213\241\173\227\176\323\147\234\117\040\217\223\145\271\154\325\170\024\172\166}{}% 43
\BOOKMARK [1][-]{section.A.1}{\376\377\133\232\164\006\0003\000.\0001\166\204\213\301\146\016}{appendix.A}% 44
\BOOKMARK [1][-]{section.A.2}{\376\377\000B\000P\213\321\170\001\173\227\154\325}{appendix.A}% 45
\BOOKMARK [0][-]{appendix.B}{\376\377\227\142\124\021\176\277\140\047\140\142\131\015\166\204\000D\000S\000C\217\205\122\251\177\026\170\001\213\241\173\227\176\323\147\234\117\040\217\223\145\271\154\325\170\024\172\166}{}% 46
\BOOKMARK [1][-]{section.B.1}{\376\377\133\232\164\006\0004\000.\0002\166\204\213\301\146\016}{appendix.B}% 47
\BOOKMARK [1][-]{section.B.2}{\376\377\143\250\213\272\0004\000.\0001\166\204\213\301\146\016}{appendix.B}% 48
\BOOKMARK [1][-]{section.B.3}{\376\377\135\114\131\127\176\277\140\047\170\001\177\026\170\001\145\271\150\110}{appendix.B}% 49
\BOOKMARK [0][-]{section*.41}{\376\377\145\073\213\373\170\125\130\353\133\146\117\115\147\037\225\364\123\326\137\227\166\204\171\321\170\024\142\020\147\234}{}% 50
\BOOKMARK [0][-]{section*.43}{\376\377\201\364\214\042}{}% 51
