This is XeTeX, Version 3.141592653-2.6-0.999996 (TeX Live 2024) (preloaded format=xelatex 2024.9.3)  19 JAN 2026 15:43
entering extended mode
 restricted \write18 enabled.
 %&-line parsing enabled.
**abstract.tex
(./abstract.tex
LaTeX2e <2023-11-01> patch level 1
L3 programming layer <2024-02-20>

! LaTeX Error: Missing \begin{document}.

See the LaTeX manual or LaTeX Companion for explanation.
Type  H <return>  for immediate help.
 ...                                              
                                                  
l.3 近
     年来，随着各类新兴应用对边缘节点信息处理能力的需求日益增长，分布式边缘计算吸引了学术界的广泛关注。在分布式边缘计算中，原始的大规模计算任务被划...

You're in trouble here.  Try typing  <return>  to proceed.
If that doesn't work, type  X <return>  to quit.

Missing character: There is no 近 ("8FD1) in font nullfont!
Missing character: There is no 年 ("5E74) in font nullfont!
Missing character: There is no 来 ("6765) in font nullfont!
Missing character: There is no ， ("FF0C) in font nullfont!
Missing character: There is no 随 ("968F) in font nullfont!
Missing character: There is no 着 ("7740) in font nullfont!
Missing character: There is no 各 ("5404) in font nullfont!
Missing character: There is no 类 ("7C7B) in font nullfont!
Missing character: There is no 新 ("65B0) in font nullfont!
Missing character: There is no 兴 ("5174) in font nullfont!
Missing character: There is no 应 ("5E94) in font nullfont!
Missing character: There is no 用 ("7528) in font nullfont!
Missing character: There is no 对 ("5BF9) in font nullfont!
Missing character: There is no 边 ("8FB9) in font nullfont!
Missing character: There is no 缘 ("7F18) in font nullfont!
Missing character: There is no 节 ("8282) in font nullfont!
Missing character: There is no 点 ("70B9) in font nullfont!
Missing character: There is no 信 ("4FE1) in font nullfont!
Missing character: There is no 息 ("606F) in font nullfont!
Missing character: There is no 处 ("5904) in font nullfont!
Missing character: There is no 理 ("7406) in font nullfont!
Missing character: There is no 能 ("80FD) in font nullfont!
Missing character: There is no 力 ("529B) in font nullfont!
Missing character: There is no 的 ("7684) in font nullfont!
Missing character: There is no 需 ("9700) in font nullfont!
Missing character: There is no 求 ("6C42) in font nullfont!
Missing character: There is no 日 ("65E5) in font nullfont!
Missing character: There is no 益 ("76CA) in font nullfont!
Missing character: There is no 增 ("589E) in font nullfont!
Missing character: There is no 长 ("957F) in font nullfont!
Missing character: There is no ， ("FF0C) in font nullfont!
Missing character: There is no 分 ("5206) in font nullfont!
Missing character: There is no 布 ("5E03) in font nullfont!
Missing character: There is no 式 ("5F0F) in font nullfont!
Missing character: There is no 边 ("8FB9) in font nullfont!
Missing character: There is no 缘 ("7F18) in font nullfont!
Missing character: There is no 计 ("8BA1) in font nullfont!
Missing character: There is no 算 ("7B97) in font nullfont!
Missing character: There is no 吸 ("5438) in font nullfont!
Missing character: There is no 引 ("5F15) in font nullfont!
Missing character: There is no 了 ("4E86) in font nullfont!
Missing character: There is no 学 ("5B66) in font nullfont!
Missing character: There is no 术 ("672F) in font nullfont!
Missing character: There is no 界 ("754C) in font nullfont!
Missing character: There is no 的 ("7684) in font nullfont!
Missing character: There is no 广 ("5E7F) in font nullfont!
Missing character: There is no 泛 ("6CDB) in font nullfont!
Missing character: There is no 关 ("5173) in font nullfont!
Missing character: There is no 注 ("6CE8) in font nullfont!
Missing character: There is no 。 ("3002) in font nullfont!
Missing character: There is no 在 ("5728) in font nullfont!
Missing character: There is no 分 ("5206) in font nullfont!
Missing character: There is no 布 ("5E03) in font nullfont!
Missing character: There is no 式 ("5F0F) in font nullfont!
Missing character: There is no 边 ("8FB9) in font nullfont!
Missing character: There is no 缘 ("7F18) in font nullfont!
Missing character: There is no 计 ("8BA1) in font nullfont!
Missing character: There is no 算 ("7B97) in font nullfont!
Missing character: There is no 中 ("4E2D) in font nullfont!
Missing character: There is no ， ("FF0C) in font nullfont!
Missing character: There is no 原 ("539F) in font nullfont!
Missing character: There is no 始 ("59CB) in font nullfont!
Missing character: There is no 的 ("7684) in font nullfont!
Missing character: There is no 大 ("5927) in font nullfont!
Missing character: There is no 规 ("89C4) in font nullfont!
Missing character: There is no 模 ("6A21) in font nullfont!
Missing character: There is no 计 ("8BA1) in font nullfont!
Missing character: There is no 算 ("7B97) in font nullfont!
Missing character: There is no 任 ("4EFB) in font nullfont!
Missing character: There is no 务 ("52A1) in font nullfont!
Missing character: There is no 被 ("88AB) in font nullfont!
Missing character: There is no 划 ("5212) in font nullfont!
Missing character: There is no 分 ("5206) in font nullfont!
Missing character: There is no 为 ("4E3A) in font nullfont!
Missing character: There is no 多 ("591A) in font nullfont!
Missing character: There is no 个 ("4E2A) in font nullfont!
Missing character: There is no 小 ("5C0F) in font nullfont!
Missing character: There is no 规 ("89C4) in font nullfont!
Missing character: There is no 模 ("6A21) in font nullfont!
Missing character: There is no 子 ("5B50) in font nullfont!
Missing character: There is no 任 ("4EFB) in font nullfont!
Missing character: There is no 务 ("52A1) in font nullfont!
Missing character: There is no ， ("FF0C) in font nullfont!
Missing character: There is no 并 ("5E76) in font nullfont!
Missing character: There is no 卸 ("5378) in font nullfont!
Missing character: There is no 载 ("8F7D) in font nullfont!
Missing character: There is no 到 ("5230) in font nullfont!
Missing character: There is no 多 ("591A) in font nullfont!
Missing character: There is no 个 ("4E2A) in font nullfont!
Missing character: There is no 边 ("8FB9) in font nullfont!
Missing character: There is no 缘 ("7F18) in font nullfont!
Missing character: There is no 节 ("8282) in font nullfont!
Missing character: There is no 点 ("70B9) in font nullfont!
Missing character: There is no 上 ("4E0A) in font nullfont!
Missing character: There is no 进 ("8FDB) in font nullfont!
Missing character: There is no 行 ("884C) in font nullfont!
Missing character: There is no 并 ("5E76) in font nullfont!
Missing character: There is no 行 ("884C) in font nullfont!
Missing character: There is no 计 ("8BA1) in font nullfont!
Missing character: There is no 算 ("7B97) in font nullfont!
Missing character: There is no ， ("FF0C) in font nullfont!
Missing character: There is no 以 ("4EE5) in font nullfont!
Missing character: There is no 降 ("964D) in font nullfont!
Missing character: There is no 低 ("4F4E) in font nullfont!
Missing character: There is no 任 ("4EFB) in font nullfont!
Missing character: There is no 务 ("52A1) in font nullfont!
Missing character: There is no 处 ("5904) in font nullfont!
Missing character: There is no 理 ("7406) in font nullfont!
Missing character: There is no 时 ("65F6) in font nullfont!
Missing character: There is no 延 ("5EF6) in font nullfont!
Missing character: There is no 。 ("3002) in font nullfont!
Missing character: There is no 尽 ("5C3D) in font nullfont!
Missing character: There is no 管 ("7BA1) in font nullfont!
Missing character: There is no 目 ("76EE) in font nullfont!
Missing character: There is no 前 ("524D) in font nullfont!
Missing character: There is no 已 ("5DF2) in font nullfont!
Missing character: There is no 有 ("6709) in font nullfont!
Missing character: There is no 许 ("8BB8) in font nullfont!
Missing character: There is no 多 ("591A) in font nullfont!
Missing character: There is no 关 ("5173) in font nullfont!
Missing character: There is no 于 ("4E8E) in font nullfont!
Missing character: There is no 分 ("5206) in font nullfont!
Missing character: There is no 布 ("5E03) in font nullfont!
Missing character: There is no 式 ("5F0F) in font nullfont!
Missing character: There is no 边 ("8FB9) in font nullfont!
Missing character: There is no 缘 ("7F18) in font nullfont!
Missing character: There is no 计 ("8BA1) in font nullfont!
Missing character: There is no 算 ("7B97) in font nullfont!
Missing character: There is no 的 ("7684) in font nullfont!
Missing character: There is no 研 ("7814) in font nullfont!
Missing character: There is no 究 ("7A76) in font nullfont!
Missing character: There is no 工 ("5DE5) in font nullfont!
Missing character: There is no 作 ("4F5C) in font nullfont!
Missing character: There is no ， ("FF0C) in font nullfont!
Missing character: There is no 但 ("4F46) in font nullfont!
Missing character: There is no 在 ("5728) in font nullfont!
Missing character: There is no 卸 ("5378) in font nullfont!
Missing character: There is no 载 ("8F7D) in font nullfont!
Missing character: There is no 节 ("8282) in font nullfont!
Missing character: There is no 点 ("70B9) in font nullfont!
Missing character: There is no 选 ("9009) in font nullfont!
Missing character: There is no 择 ("62E9) in font nullfont!
Missing character: There is no 、 ("3001) in font nullfont!
Missing character: There is no 节 ("8282) in font nullfont!
Missing character: There is no 点 ("70B9) in font nullfont!
Missing character: There is no 间 ("95F4) in font nullfont!
Missing character: There is no 协 ("534F) in font nullfont!
Missing character: There is no 作 ("4F5C) in font nullfont!
Missing character: There is no 传 ("4F20) in font nullfont!
Missing character: There is no 输 ("8F93) in font nullfont!
Missing character: There is no 等 ("7B49) in font nullfont!
Missing character: There is no 方 ("65B9) in font nullfont!
Missing character: There is no 面 ("9762) in font nullfont!
Missing character: There is no 的 ("7684) in font nullfont!
Missing character: There is no 研 ("7814) in font nullfont!
Missing character: There is no 究 ("7A76) in font nullfont!
Missing character: There is no 还 ("8FD8) in font nullfont!
Missing character: There is no 有 ("6709) in font nullfont!
Missing character: There is no 待 ("5F85) in font nullfont!
Missing character: There is no 进 ("8FDB) in font nullfont!
Missing character: There is no 一 ("4E00) in font nullfont!
Missing character: There is no 步 ("6B65) in font nullfont!
Missing character: There is no 深 ("6DF1) in font nullfont!
Missing character: There is no 入 ("5165) in font nullfont!
Missing character: There is no 。 ("3002) in font nullfont!
Missing character: There is no 具 ("5177) in font nullfont!
Missing character: There is no 体 ("4F53) in font nullfont!
Missing character: There is no 来 ("6765) in font nullfont!
Missing character: There is no 说 ("8BF4) in font nullfont!
Missing character: There is no ， ("FF0C) in font nullfont!
Missing character: There is no 一 ("4E00) in font nullfont!
Missing character: There is no 方 ("65B9) in font nullfont!
Missing character: There is no 面 ("9762) in font nullfont!
Missing character: There is no ， ("FF0C) in font nullfont!
Missing character: There is no 在 ("5728) in font nullfont!
Missing character: There is no 边 ("8FB9) in font nullfont!
Missing character: There is no 缘 ("7F18) in font nullfont!
Missing character: There is no 计 ("8BA1) in font nullfont!
Missing character: There is no 算 ("7B97) in font nullfont!
Missing character: There is no 中 ("4E2D) in font nullfont!
Missing character: There is no ， ("FF0C) in font nullfont!
Missing character: There is no 移 ("79FB) in font nullfont!
Missing character: There is no 动 ("52A8) in font nullfont!
Missing character: There is no 设 ("8BBE) in font nullfont!
Missing character: There is no 备 ("5907) in font nullfont!
Missing character: There is no 往 ("5F80) in font nullfont!
Missing character: There is no 往 ("5F80) in font nullfont!
Missing character: There is no 倾 ("503E) in font nullfont!
Missing character: There is no 向 ("5411) in font nullfont!
Missing character: There is no 于 ("4E8E) in font nullfont!
Missing character: There is no 将 ("5C06) in font nullfont!
Missing character: There is no 计 ("8BA1) in font nullfont!
Missing character: There is no 算 ("7B97) in font nullfont!
Missing character: There is no 任 ("4EFB) in font nullfont!
Missing character: There is no 务 ("52A1) in font nullfont!
Missing character: There is no 卸 ("5378) in font nullfont!
Missing character: There is no 载 ("8F7D) in font nullfont!
Missing character: There is no 到 ("5230) in font nullfont!
Missing character: There is no 更 ("66F4) in font nullfont!
Missing character: There is no 近 ("8FD1) in font nullfont!
Missing character: There is no 的 ("7684) in font nullfont!
Missing character: There is no 边 ("8FB9) in font nullfont!
Missing character: There is no 缘 ("7F18) in font nullfont!
Missing character: There is no 节 ("8282) in font nullfont!
Missing character: There is no 点 ("70B9) in font nullfont!
Missing character: There is no 上 ("4E0A) in font nullfont!
Missing character: There is no ， ("FF0C) in font nullfont!
Missing character: There is no 以 ("4EE5) in font nullfont!
Missing character: There is no 降 ("964D) in font nullfont!
Missing character: There is no 低 ("4F4E) in font nullfont!
Missing character: There is no 通 ("901A) in font nullfont!
Missing character: There is no 信 ("4FE1) in font nullfont!
Missing character: There is no 能 ("80FD) in font nullfont!
Missing character: There is no 耗 ("8017) in font nullfont!
Missing character: There is no 。 ("3002) in font nullfont!
Missing character: There is no 然 ("7136) in font nullfont!
Missing character: There is no 而 ("800C) in font nullfont!
Missing character: There is no ， ("FF0C) in font nullfont!
Missing character: There is no 这 ("8FD9) in font nullfont!
Missing character: There is no 种 ("79CD) in font nullfont!
Missing character: There is no 传 ("4F20) in font nullfont!
Missing character: There is no 统 ("7EDF) in font nullfont!
Missing character: There is no 的 ("7684) in font nullfont!
Missing character: There is no 卸 ("5378) in font nullfont!
Missing character: There is no 载 ("8F7D) in font nullfont!
Missing character: There is no 节 ("8282) in font nullfont!
Missing character: There is no 点 ("70B9) in font nullfont!
Missing character: There is no 选 ("9009) in font nullfont!
Missing character: There is no 择 ("62E9) in font nullfont!
Missing character: There is no 策 ("7B56) in font nullfont!
Missing character: There is no 略 ("7565) in font nullfont!
Missing character: There is no 可 ("53EF) in font nullfont!
Missing character: There is no 能 ("80FD) in font nullfont!
Missing character: There is no 会 ("4F1A) in font nullfont!
Missing character: There is no 泄 ("6CC4) in font nullfont!
Missing character: There is no 露 ("9732) in font nullfont!
Missing character: There is no 移 ("79FB) in font nullfont!
Missing character: There is no 动 ("52A8) in font nullfont!
Missing character: There is no 设 ("8BBE) in font nullfont!
Missing character: There is no 备 ("5907) in font nullfont!
Missing character: There is no 的 ("7684) in font nullfont!
Missing character: There is no 位 ("4F4D) in font nullfont!
Missing character: There is no 置 ("7F6E) in font nullfont!
Missing character: There is no 信 ("4FE1) in font nullfont!
Missing character: There is no 息 ("606F) in font nullfont!
Missing character: There is no 。 ("3002) in font nullfont!
Missing character: There is no 虽 ("867D) in font nullfont!
Missing character: There is no 然 ("7136) in font nullfont!
Missing character: There is no 已 ("5DF2) in font nullfont!
Missing character: There is no 有 ("6709) in font nullfont!
Missing character: There is no 一 ("4E00) in font nullfont!
Missing character: There is no 些 ("4E9B) in font nullfont!
Missing character: There is no 工 ("5DE5) in font nullfont!
Missing character: There is no 作 ("4F5C) in font nullfont!
Missing character: There is no 探 ("63A2) in font nullfont!
Missing character: There is no 索 ("7D22) in font nullfont!
Missing character: There is no 了 ("4E86) in font nullfont!
Missing character: There is no 位 ("4F4D) in font nullfont!
Missing character: There is no 置 ("7F6E) in font nullfont!
Missing character: There is no 信 ("4FE1) in font nullfont!
Missing character: There is no 息 ("606F) in font nullfont!
Missing character: There is no 约 ("7EA6) in font nullfont!
Missing character: There is no 束 ("675F) in font nullfont!
Missing character: There is no 下 ("4E0B) in font nullfont!
Missing character: There is no 的 ("7684) in font nullfont!
Missing character: There is no 卸 ("5378) in font nullfont!
Missing character: There is no 载 ("8F7D) in font nullfont!
Missing character: There is no 节 ("8282) in font nullfont!
Missing character: There is no 点 ("70B9) in font nullfont!
Missing character: There is no 选 ("9009) in font nullfont!
Missing character: There is no 择 ("62E9) in font nullfont!
Missing character: There is no 机 ("673A) in font nullfont!
Missing character: There is no 制 ("5236) in font nullfont!
Missing character: There is no ， ("FF0C) in font nullfont!
Missing character: There is no 但 ("4F46) in font nullfont!
Missing character: There is no 它 ("5B83) in font nullfont!
Missing character: There is no 们 ("4EEC) in font nullfont!
Missing character: There is no 主 ("4E3B) in font nullfont!
Missing character: There is no 要 ("8981) in font nullfont!
Missing character: There is no 面 ("9762) in font nullfont!
Missing character: There is no 向 ("5411) in font nullfont!
Missing character: There is no 计 ("8BA1) in font nullfont!
Missing character: There is no 算 ("7B97) in font nullfont!
Missing character: There is no 任 ("4EFB) in font nullfont!
Missing character: There is no 务 ("52A1) in font nullfont!
Missing character: There is no 被 ("88AB) in font nullfont!
Missing character: There is no 卸 ("5378) in font nullfont!
Missing character: There is no 载 ("8F7D) in font nullfont!
Missing character: There is no 到 ("5230) in font nullfont!
Missing character: There is no 单 ("5355) in font nullfont!
Missing character: There is no 个 ("4E2A) in font nullfont!
Missing character: There is no 边 ("8FB9) in font nullfont!
Missing character: There is no 缘 ("7F18) in font nullfont!
Missing character: There is no 节 ("8282) in font nullfont!
Missing character: There is no 点 ("70B9) in font nullfont!
Missing character: There is no 的 ("7684) in font nullfont!
Missing character: There is no 场 ("573A) in font nullfont!
Missing character: There is no 景 ("666F) in font nullfont!
Missing character: There is no ， ("FF0C) in font nullfont!
Missing character: There is no 不 ("4E0D) in font nullfont!
Missing character: There is no 能 ("80FD) in font nullfont!
Missing character: There is no 直 ("76F4) in font nullfont!
Missing character: There is no 接 ("63A5) in font nullfont!
Missing character: There is no 适 ("9002) in font nullfont!
Missing character: There is no 用 ("7528) in font nullfont!
Missing character: There is no 于 ("4E8E) in font nullfont!
Missing character: There is no 分 ("5206) in font nullfont!
Missing character: There is no 布 ("5E03) in font nullfont!
Missing character: There is no 式 ("5F0F) in font nullfont!
Missing character: There is no 边 ("8FB9) in font nullfont!
Missing character: There is no 缘 ("7F18) in font nullfont!
Missing character: There is no 计 ("8BA1) in font nullfont!
Missing character: There is no 算 ("7B97) in font nullfont!
Missing character: There is no 。 ("3002) in font nullfont!
Missing character: There is no 另 ("53E6) in font nullfont!
Missing character: There is no 一 ("4E00) in font nullfont!
Missing character: There is no 方 ("65B9) in font nullfont!
Missing character: There is no 面 ("9762) in font nullfont!
Missing character: There is no ， ("FF0C) in font nullfont!
Missing character: There is no 在 ("5728) in font nullfont!
Missing character: There is no 传 ("4F20) in font nullfont!
Missing character: There is no 统 ("7EDF) in font nullfont!
Missing character: There is no 的 ("7684) in font nullfont!
Missing character: There is no 分 ("5206) in font nullfont!
Missing character: There is no 布 ("5E03) in font nullfont!
Missing character: There is no 式 ("5F0F) in font nullfont!
Missing character: There is no 边 ("8FB9) in font nullfont!
Missing character: There is no 缘 ("7F18) in font nullfont!
Missing character: There is no 计 ("8BA1) in font nullfont!
Missing character: There is no 算 ("7B97) in font nullfont!
Missing character: There is no 中 ("4E2D) in font nullfont!
Missing character: There is no ， ("FF0C) in font nullfont!
Missing character: There is no 子 ("5B50) in font nullfont!
Missing character: There is no 任 ("4EFB) in font nullfont!
Missing character: There is no 务 ("52A1) in font nullfont!
Missing character: There is no 的 ("7684) in font nullfont!
Missing character: There is no 计 ("8BA1) in font nullfont!
Missing character: There is no 算 ("7B97) in font nullfont!
Missing character: There is no 结 ("7ED3) in font nullfont!
Missing character: There is no 果 ("679C) in font nullfont!
Missing character: There is no 通 ("901A) in font nullfont!
Missing character: There is no 常 ("5E38) in font nullfont!
Missing character: There is no 以 ("4EE5) in font nullfont!
Missing character: There is no 非 ("975E) in font nullfont!
Missing character: There is no 协 ("534F) in font nullfont!
Missing character: There is no 作 ("4F5C) in font nullfont!
Missing character: There is no 的 ("7684) in font nullfont!
Missing character: There is no 方 ("65B9) in font nullfont!
Missing character: There is no 式 ("5F0F) in font nullfont!
Missing character: There is no 回 ("56DE) in font nullfont!
Missing character: There is no 传 ("4F20) in font nullfont!
Missing character: There is no 至 ("81F3) in font nullfont!
Missing character: There is no 移 ("79FB) in font nullfont!
Missing character: There is no 动 ("52A8) in font nullfont!
Missing character: There is no 设 ("8BBE) in font nullfont!
Missing character: There is no 备 ("5907) in font nullfont!
Missing character: There is no ， ("FF0C) in font nullfont!
Missing character: There is no 难 ("96BE) in font nullfont!
Missing character: There is no 以 ("4EE5) in font nullfont!
Missing character: There is no 达 ("8FBE) in font nullfont!
Missing character: There is no 到 ("5230) in font nullfont!
Missing character: There is no 最 ("6700) in font nullfont!
Missing character: There is no 优 ("4F18) in font nullfont!
Missing character: There is no 的 ("7684) in font nullfont!
Missing character: There is no 下 ("4E0B) in font nullfont!
Missing character: There is no 行 ("884C) in font nullfont!
Missing character: There is no 传 ("4F20) in font nullfont!
Missing character: There is no 输 ("8F93) in font nullfont!
Missing character: There is no 时 ("65F6) in font nullfont!
Missing character: There is no 延 ("5EF6) in font nullfont!
Missing character: There is no 。 ("3002) in font nullfont!
Missing character: There is no 针 ("9488) in font nullfont!
Missing character: There is no 对 ("5BF9) in font nullfont!
Missing character: There is no 该 ("8BE5) in font nullfont!
Missing character: There is no 问 ("95EE) in font nullfont!
Missing character: There is no 题 ("9898) in font nullfont!
Missing character: There is no ， ("FF0C) in font nullfont!
Missing character: There is no 现 ("73B0) in font nullfont!
Missing character: There is no 有 ("6709) in font nullfont!
Missing character: There is no 的 ("7684) in font nullfont!
Missing character: There is no 复 ("590D) in font nullfont!
Missing character: There is no 制 ("5236) in font nullfont!
Missing character: There is no 边 ("8FB9) in font nullfont!
Missing character: There is no 缘 ("7F18) in font nullfont!
Missing character: There is no 计 ("8BA1) in font nullfont!
Missing character: There is no 算 ("7B97) in font nullfont!
Missing character: There is no （ ("FF08) in font nullfont!
Missing character: There is no R ("52) in font nullfont!
Missing character: There is no e ("65) in font nullfont!
Missing character: There is no p ("70) in font nullfont!
Missing character: There is no l ("6C) in font nullfont!
Missing character: There is no i ("69) in font nullfont!
Missing character: There is no c ("63) in font nullfont!
Missing character: There is no a ("61) in font nullfont!
Missing character: There is no t ("74) in font nullfont!
Missing character: There is no e ("65) in font nullfont!
Missing character: There is no d ("64) in font nullfont!
Missing character: There is no e ("65) in font nullfont!
Missing character: There is no d ("64) in font nullfont!
Missing character: There is no g ("67) in font nullfont!
Missing character: There is no e ("65) in font nullfont!
Missing character: There is no c ("63) in font nullfont!
Missing character: There is no o ("6F) in font nullfont!
Missing character: There is no m ("6D) in font nullfont!
Missing character: There is no p ("70) in font nullfont!
Missing character: There is no u ("75) in font nullfont!
Missing character: There is no t ("74) in font nullfont!
Missing character: There is no i ("69) in font nullfont!
Missing character: There is no n ("6E) in font nullfont!
Missing character: There is no g ("67) in font nullfont!
Missing character: There is no ） ("FF09) in font nullfont!
Missing character: There is no 机 ("673A) in font nullfont!
Missing character: There is no 制 ("5236) in font nullfont!
Missing character: There is no 通 ("901A) in font nullfont!
Missing character: There is no 过 ("8FC7) in font nullfont!
Missing character: There is no 将 ("5C06) in font nullfont!
Missing character: There is no 相 ("76F8) in font nullfont!
Missing character: There is no 同 ("540C) in font nullfont!
Missing character: There is no 的 ("7684) in font nullfont!
Missing character: There is no 任 ("4EFB) in font nullfont!
Missing character: There is no 务 ("52A1) in font nullfont!
Missing character: There is no 卸 ("5378) in font nullfont!
Missing character: There is no 载 ("8F7D) in font nullfont!
Missing character: There is no 至 ("81F3) in font nullfont!
Missing character: There is no 多 ("591A) in font nullfont!
Missing character: There is no 个 ("4E2A) in font nullfont!
Missing character: There is no 边 ("8FB9) in font nullfont!
Missing character: There is no 缘 ("7F18) in font nullfont!
Missing character: There is no 节 ("8282) in font nullfont!
Missing character: There is no 点 ("70B9) in font nullfont!
Missing character: There is no 上 ("4E0A) in font nullfont!
Missing character: There is no 进 ("8FDB) in font nullfont!
Missing character: There is no 行 ("884C) in font nullfont!
Missing character: There is no 重 ("91CD) in font nullfont!
Missing character: There is no 复 ("590D) in font nullfont!
Missing character: There is no 计 ("8BA1) in font nullfont!
Missing character: There is no 算 ("7B97) in font nullfont!
Missing character: There is no ， ("FF0C) in font nullfont!
Missing character: There is no 并 ("5E76) in font nullfont!
Missing character: There is no 结 ("7ED3) in font nullfont!
Missing character: There is no 合 ("5408) in font nullfont!
Missing character: There is no 虚 ("865A) in font nullfont!
Missing character: There is no 拟 ("62DF) in font nullfont!
Missing character: There is no 多 ("591A) in font nullfont!
Missing character: There is no 天 ("5929) in font nullfont!
Missing character: There is no 线 ("7EBF) in font nullfont!
Missing character: There is no 技 ("6280) in font nullfont!
Missing character: There is no 术 ("672F) in font nullfont!
Missing character: There is no 实 ("5B9E) in font nullfont!
Missing character: There is no 现 ("73B0) in font nullfont!
Missing character: There is no 下 ("4E0B) in font nullfont!
Missing character: There is no 行 ("884C) in font nullfont!
Missing character: There is no 协 ("534F) in font nullfont!
Missing character: There is no 作 ("4F5C) in font nullfont!
Missing character: There is no 传 ("4F20) in font nullfont!
Missing character: There is no 输 ("8F93) in font nullfont!
Missing character: There is no 。 ("3002) in font nullfont!
Missing character: There is no 该 ("8BE5) in font nullfont!
Missing character: There is no 方 ("65B9) in font nullfont!
Missing character: There is no 法 ("6CD5) in font nullfont!
Missing character: There is no 虽 ("867D) in font nullfont!
Missing character: There is no 然 ("7136) in font nullfont!
Missing character: There is no 可 ("53EF) in font nullfont!
Missing character: There is no 以 ("4EE5) in font nullfont!
Missing character: There is no 提 ("63D0) in font nullfont!
Missing character: There is no 高 ("9AD8) in font nullfont!
Missing character: There is no 下 ("4E0B) in font nullfont!
Missing character: There is no 行 ("884C) in font nullfont!
Missing character: There is no 传 ("4F20) in font nullfont!
Missing character: There is no 输 ("8F93) in font nullfont!
Missing character: There is no 速 ("901F) in font nullfont!
Missing character: There is no 率 ("7387) in font nullfont!
Missing character: There is no ， ("FF0C) in font nullfont!
Missing character: There is no 但 ("4F46) in font nullfont!
Missing character: There is no 也 ("4E5F) in font nullfont!
Missing character: There is no 会 ("4F1A) in font nullfont!
Missing character: There is no 导 ("5BFC) in font nullfont!
Missing character: There is no 致 ("81F4) in font nullfont!
Missing character: There is no 计 ("8BA1) in font nullfont!
Missing character: There is no 算 ("7B97) in font nullfont!
Missing character: There is no 成 ("6210) in font nullfont!
Missing character: There is no 本 ("672C) in font nullfont!
Missing character: There is no 的 ("7684) in font nullfont!
Missing character: There is no 成 ("6210) in font nullfont!
Missing character: There is no 倍 ("500D) in font nullfont!
Missing character: There is no 增 ("589E) in font nullfont!
Missing character: There is no 加 ("52A0) in font nullfont!
Missing character: There is no 。 ("3002) in font nullfont!
Missing character: There is no 基 ("57FA) in font nullfont!
Missing character: There is no 于 ("4E8E) in font nullfont!
Missing character: There is no 上 ("4E0A) in font nullfont!
Missing character: There is no 述 ("8FF0) in font nullfont!
Missing character: There is no 考 ("8003) in font nullfont!
Missing character: There is no 虑 ("8651) in font nullfont!
Missing character: There is no ， ("FF0C) in font nullfont!
Missing character: There is no 本 ("672C) in font nullfont!
Missing character: There is no 文 ("6587) in font nullfont!
Missing character: There is no 的 ("7684) in font nullfont!
Missing character: There is no 研 ("7814) in font nullfont!
Missing character: There is no 究 ("7A76) in font nullfont!
Missing character: There is no 内 ("5185) in font nullfont!
Missing character: There is no 容 ("5BB9) in font nullfont!
Missing character: There is no 包 ("5305) in font nullfont!
Missing character: There is no 括 ("62EC) in font nullfont!
Missing character: There is no 以 ("4EE5) in font nullfont!
Missing character: There is no 下 ("4E0B) in font nullfont!
Missing character: There is no 两 ("4E24) in font nullfont!
Missing character: There is no 个 ("4E2A) in font nullfont!
Missing character: There is no 方 ("65B9) in font nullfont!
Missing character: There is no 面 ("9762) in font nullfont!
Missing character: There is no ： ("FF1A) in font nullfont!

Overfull \hbox (20.0pt too wide) in paragraph at lines 3--5
[]
 []


! LaTeX Error: Missing \begin{document}.

See the LaTeX manual or LaTeX Companion for explanation.
Type  H <return>  for immediate help.
 ...                                              
                                                  
l.6 （
     1）针对现有位置信息约束下的卸载节点选择机制仅考虑单节点卸载的局限性，本文对位置信息约束下的多卸载节点选择策略展开了研究。首先，依据矩阵序贯概...

You're in trouble here.  Try typing  <return>  to proceed.
If that doesn't work, type  X <return>  to quit.

Missing character: There is no （ ("FF08) in font nullfont!
Missing character: There is no 1 ("31) in font nullfont!
Missing character: There is no ） ("FF09) in font nullfont!
Missing character: There is no 针 ("9488) in font nullfont!
Missing character: There is no 对 ("5BF9) in font nullfont!
Missing character: There is no 现 ("73B0) in font nullfont!
Missing character: There is no 有 ("6709) in font nullfont!
Missing character: There is no 位 ("4F4D) in font nullfont!
Missing character: There is no 置 ("7F6E) in font nullfont!
Missing character: There is no 信 ("4FE1) in font nullfont!
Missing character: There is no 息 ("606F) in font nullfont!
Missing character: There is no 约 ("7EA6) in font nullfont!
Missing character: There is no 束 ("675F) in font nullfont!
Missing character: There is no 下 ("4E0B) in font nullfont!
Missing character: There is no 的 ("7684) in font nullfont!
Missing character: There is no 卸 ("5378) in font nullfont!
Missing character: There is no 载 ("8F7D) in font nullfont!
Missing character: There is no 节 ("8282) in font nullfont!
Missing character: There is no 点 ("70B9) in font nullfont!
Missing character: There is no 选 ("9009) in font nullfont!
Missing character: There is no 择 ("62E9) in font nullfont!
Missing character: There is no 机 ("673A) in font nullfont!
Missing character: There is no 制 ("5236) in font nullfont!
Missing character: There is no 仅 ("4EC5) in font nullfont!
Missing character: There is no 考 ("8003) in font nullfont!
Missing character: There is no 虑 ("8651) in font nullfont!
Missing character: There is no 单 ("5355) in font nullfont!
Missing character: There is no 节 ("8282) in font nullfont!
Missing character: There is no 点 ("70B9) in font nullfont!
Missing character: There is no 卸 ("5378) in font nullfont!
Missing character: There is no 载 ("8F7D) in font nullfont!
Missing character: There is no 的 ("7684) in font nullfont!
Missing character: There is no 局 ("5C40) in font nullfont!
Missing character: There is no 限 ("9650) in font nullfont!
Missing character: There is no 性 ("6027) in font nullfont!
Missing character: There is no ， ("FF0C) in font nullfont!
Missing character: There is no 本 ("672C) in font nullfont!
Missing character: There is no 文 ("6587) in font nullfont!
Missing character: There is no 对 ("5BF9) in font nullfont!
Missing character: There is no 位 ("4F4D) in font nullfont!
Missing character: There is no 置 ("7F6E) in font nullfont!
Missing character: There is no 信 ("4FE1) in font nullfont!
Missing character: There is no 息 ("606F) in font nullfont!
Missing character: There is no 约 ("7EA6) in font nullfont!
Missing character: There is no 束 ("675F) in font nullfont!
Missing character: There is no 下 ("4E0B) in font nullfont!
Missing character: There is no 的 ("7684) in font nullfont!
Missing character: There is no 多 ("591A) in font nullfont!
Missing character: There is no 卸 ("5378) in font nullfont!
Missing character: There is no 载 ("8F7D) in font nullfont!
Missing character: There is no 节 ("8282) in font nullfont!
Missing character: There is no 点 ("70B9) in font nullfont!
Missing character: There is no 选 ("9009) in font nullfont!
Missing character: There is no 择 ("62E9) in font nullfont!
Missing character: There is no 策 ("7B56) in font nullfont!
Missing character: There is no 略 ("7565) in font nullfont!
Missing character: There is no 展 ("5C55) in font nullfont!
Missing character: There is no 开 ("5F00) in font nullfont!
Missing character: There is no 了 ("4E86) in font nullfont!
Missing character: There is no 研 ("7814) in font nullfont!
Missing character: There is no 究 ("7A76) in font nullfont!
Missing character: There is no 。 ("3002) in font nullfont!
Missing character: There is no 首 ("9996) in font nullfont!
Missing character: There is no 先 ("5148) in font nullfont!
Missing character: There is no ， ("FF0C) in font nullfont!
Missing character: There is no 依 ("4F9D) in font nullfont!
Missing character: There is no 据 ("636E) in font nullfont!
Missing character: There is no 矩 ("77E9) in font nullfont!
Missing character: There is no 阵 ("9635) in font nullfont!
Missing character: There is no 序 ("5E8F) in font nullfont!
Missing character: There is no 贯 ("8D2F) in font nullfont!
Missing character: There is no 概 ("6982) in font nullfont!
Missing character: There is no 率 ("7387) in font nullfont!
Missing character: There is no 比 ("6BD4) in font nullfont!
Missing character: There is no 检 ("68C0) in font nullfont!
Missing character: There is no 验 ("9A8C) in font nullfont!
Missing character: There is no 理 ("7406) in font nullfont!
Missing character: There is no 论 ("8BBA) in font nullfont!
Missing character: There is no ， ("FF0C) in font nullfont!
Missing character: There is no 建 ("5EFA) in font nullfont!
Missing character: There is no 模 ("6A21) in font nullfont!
Missing character: There is no 了 ("4E86) in font nullfont!
Missing character: There is no 分 ("5206) in font nullfont!
Missing character: There is no 布 ("5E03) in font nullfont!
Missing character: There is no 式 ("5F0F) in font nullfont!
Missing character: There is no 边 ("8FB9) in font nullfont!
Missing character: There is no 缘 ("7F18) in font nullfont!
Missing character: There is no 计 ("8BA1) in font nullfont!
Missing character: There is no 算 ("7B97) in font nullfont!
Missing character: There is no 下 ("4E0B) in font nullfont!
Missing character: There is no 的 ("7684) in font nullfont!
Missing character: There is no 位 ("4F4D) in font nullfont!
Missing character: There is no 置 ("7F6E) in font nullfont!
Missing character: There is no 信 ("4FE1) in font nullfont!
Missing character: There is no 息 ("606F) in font nullfont!
Missing character: There is no 约 ("7EA6) in font nullfont!
Missing character: There is no 束 ("675F) in font nullfont!
Missing character: There is no 条 ("6761) in font nullfont!
Missing character: There is no 件 ("4EF6) in font nullfont!
Missing character: There is no ， ("FF0C) in font nullfont!
Missing character: There is no 以 ("4EE5) in font nullfont!
Missing character: There is no 及 ("53CA) in font nullfont!
Missing character: There is no 相 ("76F8) in font nullfont!
Missing character: There is no 应 ("5E94) in font nullfont!
Missing character: There is no 的 ("7684) in font nullfont!
Missing character: There is no 移 ("79FB) in font nullfont!
Missing character: There is no 动 ("52A8) in font nullfont!
Missing character: There is no 设 ("8BBE) in font nullfont!
Missing character: There is no 备 ("5907) in font nullfont!
Missing character: There is no 侧 ("4FA7) in font nullfont!
Missing character: There is no 平 ("5E73) in font nullfont!
Missing character: There is no 均 ("5747) in font nullfont!
Missing character: There is no 能 ("80FD) in font nullfont!
Missing character: There is no 耗 ("8017) in font nullfont!
Missing character: There is no 最 ("6700) in font nullfont!
Missing character: There is no 小 ("5C0F) in font nullfont!
Missing character: There is no 化 ("5316) in font nullfont!
Missing character: There is no 问 ("95EE) in font nullfont!
Missing character: There is no 题 ("9898) in font nullfont!
Missing character: There is no 。 ("3002) in font nullfont!
Missing character: There is no 依 ("4F9D) in font nullfont!
Missing character: There is no 此 ("6B64) in font nullfont!
Missing character: There is no ， ("FF0C) in font nullfont!
Missing character: There is no 基 ("57FA) in font nullfont!
Missing character: There is no 于 ("4E8E) in font nullfont!
Missing character: There is no 李 ("674E) in font nullfont!
Missing character: There is no 雅 ("96C5) in font nullfont!
Missing character: There is no 普 ("666E) in font nullfont!
Missing character: There is no 诺 ("8BFA) in font nullfont!
Missing character: There is no 夫 ("592B) in font nullfont!
Missing character: There is no 优 ("4F18) in font nullfont!
Missing character: There is no 化 ("5316) in font nullfont!
Missing character: There is no 框 ("6846) in font nullfont!
Missing character: There is no 架 ("67B6) in font nullfont!
Missing character: There is no ， ("FF0C) in font nullfont!
Missing character: There is no 提 ("63D0) in font nullfont!
Missing character: There is no 出 ("51FA) in font nullfont!
Missing character: There is no 了 ("4E86) in font nullfont!
Missing character: There is no 位 ("4F4D) in font nullfont!
Missing character: There is no 置 ("7F6E) in font nullfont!
Missing character: There is no 信 ("4FE1) in font nullfont!
Missing character: There is no 息 ("606F) in font nullfont!
Missing character: There is no 约 ("7EA6) in font nullfont!
Missing character: There is no 束 ("675F) in font nullfont!
Missing character: There is no 下 ("4E0B) in font nullfont!
Missing character: There is no 的 ("7684) in font nullfont!
Missing character: There is no 多 ("591A) in font nullfont!
Missing character: There is no 卸 ("5378) in font nullfont!
Missing character: There is no 载 ("8F7D) in font nullfont!
Missing character: There is no 节 ("8282) in font nullfont!
Missing character: There is no 点 ("70B9) in font nullfont!
Missing character: There is no 选 ("9009) in font nullfont!
Missing character: There is no 择 ("62E9) in font nullfont!
Missing character: There is no 算 ("7B97) in font nullfont!
Missing character: There is no 法 ("6CD5) in font nullfont!
Missing character: There is no ， ("FF0C) in font nullfont!
Missing character: There is no 求 ("6C42) in font nullfont!
Missing character: There is no 解 ("89E3) in font nullfont!
Missing character: There is no 最 ("6700) in font nullfont!
Missing character: There is no 优 ("4F18) in font nullfont!
Missing character: There is no 任 ("4EFB) in font nullfont!
Missing character: There is no 务 ("52A1) in font nullfont!
Missing character: There is no 卸 ("5378) in font nullfont!
Missing character: There is no 载 ("8F7D) in font nullfont!
Missing character: There is no 与 ("4E0E) in font nullfont!
Missing character: There is no 边 ("8FB9) in font nullfont!
Missing character: There is no 缘 ("7F18) in font nullfont!
Missing character: There is no 节 ("8282) in font nullfont!
Missing character: There is no 点 ("70B9) in font nullfont!
Missing character: There is no 选 ("9009) in font nullfont!
Missing character: There is no 择 ("62E9) in font nullfont!
Missing character: There is no 策 ("7B56) in font nullfont!
Missing character: There is no 略 ("7565) in font nullfont!
Missing character: There is no 。 ("3002) in font nullfont!
Missing character: There is no 理 ("7406) in font nullfont!
Missing character: There is no 论 ("8BBA) in font nullfont!
Missing character: There is no 分 ("5206) in font nullfont!
Missing character: There is no 析 ("6790) in font nullfont!
Missing character: There is no 与 ("4E0E) in font nullfont!
Missing character: There is no 基 ("57FA) in font nullfont!
Missing character: There is no 于 ("4E8E) in font nullfont!
Missing character: There is no 信 ("4FE1) in font nullfont!
Missing character: There is no 道 ("9053) in font nullfont!
Missing character: There is no 测 ("6D4B) in font nullfont!
Missing character: There is no 量 ("91CF) in font nullfont!
Missing character: There is no 的 ("7684) in font nullfont!
Missing character: There is no 仿 ("4EFF) in font nullfont!
Missing character: There is no 真 ("771F) in font nullfont!
Missing character: There is no 结 ("7ED3) in font nullfont!
Missing character: There is no 果 ("679C) in font nullfont!
Missing character: There is no 表 ("8868) in font nullfont!
Missing character: There is no 明 ("660E) in font nullfont!
Missing character: There is no ， ("FF0C) in font nullfont!
Missing character: There is no 所 ("6240) in font nullfont!
Missing character: There is no 提 ("63D0) in font nullfont!
Missing character: There is no 算 ("7B97) in font nullfont!
Missing character: There is no 法 ("6CD5) in font nullfont!
Missing character: There is no 能 ("80FD) in font nullfont!
Missing character: There is no 够 ("591F) in font nullfont!
Missing character: There is no 在 ("5728) in font nullfont!
Missing character: There is no 满 ("6EE1) in font nullfont!
Missing character: There is no 足 ("8DB3) in font nullfont!
Missing character: There is no 位 ("4F4D) in font nullfont!
Missing character: There is no 置 ("7F6E) in font nullfont!
Missing character: There is no 信 ("4FE1) in font nullfont!
Missing character: There is no 息 ("606F) in font nullfont!
Missing character: There is no 约 ("7EA6) in font nullfont!
Missing character: There is no 束 ("675F) in font nullfont!
Missing character: There is no 的 ("7684) in font nullfont!
Missing character: There is no 条 ("6761) in font nullfont!
Missing character: There is no 件 ("4EF6) in font nullfont!
Missing character: There is no 下 ("4E0B) in font nullfont!
Missing character: There is no ， ("FF0C) in font nullfont!
Missing character: There is no 最 ("6700) in font nullfont!
Missing character: There is no 小 ("5C0F) in font nullfont!
Missing character: There is no 化 ("5316) in font nullfont!
Missing character: There is no 移 ("79FB) in font nullfont!
Missing character: There is no 动 ("52A8) in font nullfont!
Missing character: There is no 设 ("8BBE) in font nullfont!
Missing character: There is no 备 ("5907) in font nullfont!
Missing character: There is no 的 ("7684) in font nullfont!
Missing character: There is no 平 ("5E73) in font nullfont!
Missing character: There is no 均 ("5747) in font nullfont!
Missing character: There is no 能 ("80FD) in font nullfont!
Missing character: There is no 耗 ("8017) in font nullfont!
Missing character: There is no 。 ("3002) in font nullfont!

Overfull \hbox (20.0pt too wide) in paragraph at lines 6--7
[] 
 []


! LaTeX Error: Missing \begin{document}.

See the LaTeX manual or LaTeX Companion for explanation.
Type  H <return>  for immediate help.
 ...                                              
                                                  
l.8 （
     2）针对现有复制边缘计算机制会造成过高计算成本的不足，本文对分布式边缘计算中的下行协作传输策略展开了研究。首先，提出了一种基于部分重复计算的分...

You're in trouble here.  Try typing  <return>  to proceed.
If that doesn't work, type  X <return>  to quit.

Missing character: There is no （ ("FF08) in font nullfont!
Missing character: There is no 2 ("32) in font nullfont!
Missing character: There is no ） ("FF09) in font nullfont!
Missing character: There is no 针 ("9488) in font nullfont!
Missing character: There is no 对 ("5BF9) in font nullfont!
Missing character: There is no 现 ("73B0) in font nullfont!
Missing character: There is no 有 ("6709) in font nullfont!
Missing character: There is no 复 ("590D) in font nullfont!
Missing character: There is no 制 ("5236) in font nullfont!
Missing character: There is no 边 ("8FB9) in font nullfont!
Missing character: There is no 缘 ("7F18) in font nullfont!
Missing character: There is no 计 ("8BA1) in font nullfont!
Missing character: There is no 算 ("7B97) in font nullfont!
Missing character: There is no 机 ("673A) in font nullfont!
Missing character: There is no 制 ("5236) in font nullfont!
Missing character: There is no 会 ("4F1A) in font nullfont!
Missing character: There is no 造 ("9020) in font nullfont!
Missing character: There is no 成 ("6210) in font nullfont!
Missing character: There is no 过 ("8FC7) in font nullfont!
Missing character: There is no 高 ("9AD8) in font nullfont!
Missing character: There is no 计 ("8BA1) in font nullfont!
Missing character: There is no 算 ("7B97) in font nullfont!
Missing character: There is no 成 ("6210) in font nullfont!
Missing character: There is no 本 ("672C) in font nullfont!
Missing character: There is no 的 ("7684) in font nullfont!
Missing character: There is no 不 ("4E0D) in font nullfont!
Missing character: There is no 足 ("8DB3) in font nullfont!
Missing character: There is no ， ("FF0C) in font nullfont!
Missing character: There is no 本 ("672C) in font nullfont!
Missing character: There is no 文 ("6587) in font nullfont!
Missing character: There is no 对 ("5BF9) in font nullfont!
Missing character: There is no 分 ("5206) in font nullfont!
Missing character: There is no 布 ("5E03) in font nullfont!
Missing character: There is no 式 ("5F0F) in font nullfont!
Missing character: There is no 边 ("8FB9) in font nullfont!
Missing character: There is no 缘 ("7F18) in font nullfont!
Missing character: There is no 计 ("8BA1) in font nullfont!
Missing character: There is no 算 ("7B97) in font nullfont!
Missing character: There is no 中 ("4E2D) in font nullfont!
Missing character: There is no 的 ("7684) in font nullfont!
Missing character: There is no 下 ("4E0B) in font nullfont!
Missing character: There is no 行 ("884C) in font nullfont!
Missing character: There is no 协 ("534F) in font nullfont!
Missing character: There is no 作 ("4F5C) in font nullfont!
Missing character: There is no 传 ("4F20) in font nullfont!
Missing character: There is no 输 ("8F93) in font nullfont!
Missing character: There is no 策 ("7B56) in font nullfont!
Missing character: There is no 略 ("7565) in font nullfont!
Missing character: There is no 展 ("5C55) in font nullfont!
Missing character: There is no 开 ("5F00) in font nullfont!
Missing character: There is no 了 ("4E86) in font nullfont!
Missing character: There is no 研 ("7814) in font nullfont!
Missing character: There is no 究 ("7A76) in font nullfont!
Missing character: There is no 。 ("3002) in font nullfont!
Missing character: There is no 首 ("9996) in font nullfont!
Missing character: There is no 先 ("5148) in font nullfont!
Missing character: There is no ， ("FF0C) in font nullfont!
Missing character: There is no 提 ("63D0) in font nullfont!
Missing character: There is no 出 ("51FA) in font nullfont!
Missing character: There is no 了 ("4E86) in font nullfont!
Missing character: There is no 一 ("4E00) in font nullfont!
Missing character: There is no 种 ("79CD) in font nullfont!
Missing character: There is no 基 ("57FA) in font nullfont!
Missing character: There is no 于 ("4E8E) in font nullfont!
Missing character: There is no 部 ("90E8) in font nullfont!
Missing character: There is no 分 ("5206) in font nullfont!
Missing character: There is no 重 ("91CD) in font nullfont!
Missing character: There is no 复 ("590D) in font nullfont!
Missing character: There is no 计 ("8BA1) in font nullfont!
Missing character: There is no 算 ("7B97) in font nullfont!
Missing character: There is no 的 ("7684) in font nullfont!
Missing character: There is no 分 ("5206) in font nullfont!
Missing character: There is no 布 ("5E03) in font nullfont!
Missing character: There is no 式 ("5F0F) in font nullfont!
Missing character: There is no 边 ("8FB9) in font nullfont!
Missing character: There is no 缘 ("7F18) in font nullfont!
Missing character: There is no 计 ("8BA1) in font nullfont!
Missing character: There is no 算 ("7B97) in font nullfont!
Missing character: There is no 机 ("673A) in font nullfont!
Missing character: There is no 制 ("5236) in font nullfont!
Missing character: There is no ， ("FF0C) in font nullfont!
Missing character: There is no 该 ("8BE5) in font nullfont!
Missing character: There is no 机 ("673A) in font nullfont!
Missing character: There is no 制 ("5236) in font nullfont!
Missing character: There is no 通 ("901A) in font nullfont!
Missing character: There is no 过 ("8FC7) in font nullfont!
Missing character: There is no 在 ("5728) in font nullfont!
Missing character: There is no 任 ("4EFB) in font nullfont!
Missing character: There is no 务 ("52A1) in font nullfont!
Missing character: There is no 划 ("5212) in font nullfont!
Missing character: There is no 分 ("5206) in font nullfont!
Missing character: There is no 维 ("7EF4) in font nullfont!
Missing character: There is no 度 ("5EA6) in font nullfont!
Missing character: There is no 上 ("4E0A) in font nullfont!
Missing character: There is no 引 ("5F15) in font nullfont!
Missing character: There is no 入 ("5165) in font nullfont!
Missing character: There is no 一 ("4E00) in font nullfont!
Missing character: There is no 个 ("4E2A) in font nullfont!
Missing character: There is no 新 ("65B0) in font nullfont!
Missing character: There is no 的 ("7684) in font nullfont!
Missing character: There is no 自 ("81EA) in font nullfont!
Missing character: There is no 由 ("7531) in font nullfont!
Missing character: There is no 度 ("5EA6) in font nullfont!
Missing character: There is no ， ("FF0C) in font nullfont!
Missing character: There is no 以 ("4EE5) in font nullfont!
Missing character: There is no 实 ("5B9E) in font nullfont!
Missing character: There is no 现 ("73B0) in font nullfont!
Missing character: There is no 协 ("534F) in font nullfont!
Missing character: There is no 作 ("4F5C) in font nullfont!
Missing character: There is no 传 ("4F20) in font nullfont!
Missing character: There is no 输 ("8F93) in font nullfont!
Missing character: There is no 增 ("589E) in font nullfont!
Missing character: There is no 益 ("76CA) in font nullfont!
Missing character: There is no 与 ("4E0E) in font nullfont!
Missing character: There is no 重 ("91CD) in font nullfont!
Missing character: There is no 复 ("590D) in font nullfont!
Missing character: There is no 计 ("8BA1) in font nullfont!
Missing character: There is no 算 ("7B97) in font nullfont!
Missing character: There is no 成 ("6210) in font nullfont!
Missing character: There is no 本 ("672C) in font nullfont!
Missing character: There is no 之 ("4E4B) in font nullfont!
Missing character: There is no 间 ("95F4) in font nullfont!
Missing character: There is no 的 ("7684) in font nullfont!
Missing character: There is no 良 ("826F) in font nullfont!
Missing character: There is no 好 ("597D) in font nullfont!
Missing character: There is no 折 ("6298) in font nullfont!
Missing character: There is no 衷 ("8877) in font nullfont!
Missing character: There is no 。 ("3002) in font nullfont!
Missing character: There is no 在 ("5728) in font nullfont!
Missing character: There is no 此 ("6B64) in font nullfont!
Missing character: There is no 基 ("57FA) in font nullfont!
Missing character: There is no 础 ("7840) in font nullfont!
Missing character: There is no 上 ("4E0A) in font nullfont!
Missing character: There is no ， ("FF0C) in font nullfont!
Missing character: There is no 建 ("5EFA) in font nullfont!
Missing character: There is no 模 ("6A21) in font nullfont!
Missing character: There is no 了 ("4E86) in font nullfont!
Missing character: There is no 相 ("76F8) in font nullfont!
Missing character: There is no 应 ("5E94) in font nullfont!
Missing character: There is no 的 ("7684) in font nullfont!
Missing character: There is no 任 ("4EFB) in font nullfont!
Missing character: There is no 务 ("52A1) in font nullfont!
Missing character: There is no 执 ("6267) in font nullfont!
Missing character: There is no 行 ("884C) in font nullfont!
Missing character: There is no 时 ("65F6) in font nullfont!
Missing character: There is no 延 ("5EF6) in font nullfont!
Missing character: There is no 最 ("6700) in font nullfont!
Missing character: There is no 小 ("5C0F) in font nullfont!
Missing character: There is no 化 ("5316) in font nullfont!
Missing character: There is no 问 ("95EE) in font nullfont!
Missing character: There is no 题 ("9898) in font nullfont!
Missing character: There is no ， ("FF0C) in font nullfont!
Missing character: There is no 并 ("5E76) in font nullfont!
Missing character: There is no 利 ("5229) in font nullfont!
Missing character: There is no 用 ("7528) in font nullfont!
Missing character: There is no 交 ("4EA4) in font nullfont!
Missing character: There is no 替 ("66FF) in font nullfont!
Missing character: There is no 优 ("4F18) in font nullfont!
Missing character: There is no 化 ("5316) in font nullfont!
Missing character: There is no 框 ("6846) in font nullfont!
Missing character: There is no 架 ("67B6) in font nullfont!
Missing character: There is no ， ("FF0C) in font nullfont!
Missing character: There is no 将 ("5C06) in font nullfont!
Missing character: There is no 其 ("5176) in font nullfont!
Missing character: There is no 划 ("5212) in font nullfont!
Missing character: There is no 分 ("5206) in font nullfont!
Missing character: There is no 为 ("4E3A) in font nullfont!
Missing character: There is no 下 ("4E0B) in font nullfont!
Missing character: There is no 行 ("884C) in font nullfont!
Missing character: There is no 传 ("4F20) in font nullfont!
Missing character: There is no 输 ("8F93) in font nullfont!
Missing character: There is no 功 ("529F) in font nullfont!
Missing character: There is no 率 ("7387) in font nullfont!
Missing character: There is no 分 ("5206) in font nullfont!
Missing character: There is no 配 ("914D) in font nullfont!
Missing character: There is no 和 ("548C) in font nullfont!
Missing character: There is no 任 ("4EFB) in font nullfont!
Missing character: There is no 务 ("52A1) in font nullfont!
Missing character: There is no 划 ("5212) in font nullfont!
Missing character: There is no 分 ("5206) in font nullfont!
Missing character: There is no 两 ("4E24) in font nullfont!
Missing character: There is no 个 ("4E2A) in font nullfont!
Missing character: There is no 子 ("5B50) in font nullfont!
Missing character: There is no 问 ("95EE) in font nullfont!
Missing character: There is no 题 ("9898) in font nullfont!
Missing character: There is no 。 ("3002) in font nullfont!
Missing character: There is no 通 ("901A) in font nullfont!
Missing character: There is no 过 ("8FC7) in font nullfont!
Missing character: There is no 分 ("5206) in font nullfont!
Missing character: There is no 析 ("6790) in font nullfont!
Missing character: There is no ， ("FF0C) in font nullfont!
Missing character: There is no 推 ("63A8) in font nullfont!
Missing character: There is no 导 ("5BFC) in font nullfont!
Missing character: There is no 出 ("51FA) in font nullfont!
Missing character: There is no 了 ("4E86) in font nullfont!
Missing character: There is no 前 ("524D) in font nullfont!
Missing character: There is no 一 ("4E00) in font nullfont!
Missing character: There is no 个 ("4E2A) in font nullfont!
Missing character: There is no 非 ("975E) in font nullfont!
Missing character: There is no 凸 ("51F8) in font nullfont!
Missing character: There is no 子 ("5B50) in font nullfont!
Missing character: There is no 问 ("95EE) in font nullfont!
Missing character: There is no 题 ("9898) in font nullfont!
Missing character: There is no 的 ("7684) in font nullfont!
Missing character: There is no 半 ("534A) in font nullfont!
Missing character: There is no 闭 ("95ED) in font nullfont!
Missing character: There is no 式 ("5F0F) in font nullfont!
Missing character: There is no 解 ("89E3) in font nullfont!
Missing character: There is no ， ("FF0C) in font nullfont!
Missing character: There is no 而 ("800C) in font nullfont!
Missing character: There is no 后 ("540E) in font nullfont!
Missing character: There is no 一 ("4E00) in font nullfont!
Missing character: There is no 个 ("4E2A) in font nullfont!
Missing character: There is no 子 ("5B50) in font nullfont!
Missing character: There is no 问 ("95EE) in font nullfont!
Missing character: There is no 题 ("9898) in font nullfont!
Missing character: There is no 是 ("662F) in font nullfont!
Missing character: There is no 线 ("7EBF) in font nullfont!
Missing character: There is no 性 ("6027) in font nullfont!
Missing character: There is no 的 ("7684) in font nullfont!
Missing character: There is no 。 ("3002) in font nullfont!
Missing character: There is no 据 ("636E) in font nullfont!
Missing character: There is no 此 ("6B64) in font nullfont!
Missing character: There is no ， ("FF0C) in font nullfont!
Missing character: There is no 提 ("63D0) in font nullfont!
Missing character: There is no 出 ("51FA) in font nullfont!
Missing character: There is no 了 ("4E86) in font nullfont!
Missing character: There is no 基 ("57FA) in font nullfont!
Missing character: There is no 于 ("4E8E) in font nullfont!
Missing character: There is no 部 ("90E8) in font nullfont!
Missing character: There is no 分 ("5206) in font nullfont!
Missing character: There is no 重 ("91CD) in font nullfont!
Missing character: There is no 复 ("590D) in font nullfont!
Missing character: There is no 计 ("8BA1) in font nullfont!
Missing character: There is no 算 ("7B97) in font nullfont!
Missing character: There is no 的 ("7684) in font nullfont!
Missing character: There is no 下 ("4E0B) in font nullfont!
Missing character: There is no 行 ("884C) in font nullfont!
Missing character: There is no 协 ("534F) in font nullfont!
Missing character: There is no 作 ("4F5C) in font nullfont!
Missing character: There is no 传 ("4F20) in font nullfont!
Missing character: There is no 输 ("8F93) in font nullfont!
Missing character: There is no 算 ("7B97) in font nullfont!
Missing character: There is no 法 ("6CD5) in font nullfont!
Missing character: There is no ， ("FF0C) in font nullfont!
Missing character: There is no 联 ("8054) in font nullfont!
Missing character: There is no 合 ("5408) in font nullfont!
Missing character: There is no 优 ("4F18) in font nullfont!
Missing character: There is no 化 ("5316) in font nullfont!
Missing character: There is no 任 ("4EFB) in font nullfont!
Missing character: There is no 务 ("52A1) in font nullfont!
Missing character: There is no 划 ("5212) in font nullfont!
Missing character: There is no 分 ("5206) in font nullfont!
Missing character: There is no 和 ("548C) in font nullfont!
Missing character: There is no 下 ("4E0B) in font nullfont!
Missing character: There is no 行 ("884C) in font nullfont!
Missing character: There is no 传 ("4F20) in font nullfont!
Missing character: There is no 输 ("8F93) in font nullfont!
Missing character: There is no 功 ("529F) in font nullfont!
Missing character: There is no 率 ("7387) in font nullfont!
Missing character: There is no 分 ("5206) in font nullfont!
Missing character: There is no 配 ("914D) in font nullfont!
Missing character: There is no 。 ("3002) in font nullfont!
Missing character: There is no 仿 ("4EFF) in font nullfont!
Missing character: There is no 真 ("771F) in font nullfont!
Missing character: There is no 结 ("7ED3) in font nullfont!
Missing character: There is no 果 ("679C) in font nullfont!
Missing character: There is no 表 ("8868) in font nullfont!
Missing character: There is no 明 ("660E) in font nullfont!
Missing character: There is no ， ("FF0C) in font nullfont!
Missing character: There is no 所 ("6240) in font nullfont!
Missing character: There is no 提 ("63D0) in font nullfont!
Missing character: There is no 机 ("673A) in font nullfont!
Missing character: There is no 制 ("5236) in font nullfont!
Missing character: There is no 能 ("80FD) in font nullfont!
Missing character: There is no 够 ("591F) in font nullfont!
Missing character: There is no 实 ("5B9E) in font nullfont!
Missing character: There is no 现 ("73B0) in font nullfont!
Missing character: There is no 显 ("663E) in font nullfont!
Missing character: There is no 著 ("8457) in font nullfont!
Missing character: There is no 优 ("4F18) in font nullfont!
Missing character: There is no 于 ("4E8E) in font nullfont!
Missing character: There is no 基 ("57FA) in font nullfont!
Missing character: There is no 线 ("7EBF) in font nullfont!
Missing character: There is no 方 ("65B9) in font nullfont!
Missing character: There is no 案 ("6848) in font nullfont!
Missing character: There is no 的 ("7684) in font nullfont!
Missing character: There is no 平 ("5E73) in font nullfont!
Missing character: There is no 均 ("5747) in font nullfont!
Missing character: There is no 任 ("4EFB) in font nullfont!
Missing character: There is no 务 ("52A1) in font nullfont!
Missing character: There is no 执 ("6267) in font nullfont!
Missing character: There is no 行 ("884C) in font nullfont!
Missing character: There is no 时 ("65F6) in font nullfont!
Missing character: There is no 延 ("5EF6) in font nullfont!
Missing character: There is no 性 ("6027) in font nullfont!
Missing character: There is no 能 ("80FD) in font nullfont!
Missing character: There is no 。 ("3002) in font nullfont!

Overfull \hbox (20.0pt too wide) in paragraph at lines 8--9
[] 
 []

)
! Emergency stop.
<*> abstract.tex
                
*** (job aborted, no legal \end found)

 
Here is how much of TeX's memory you used:
 15 strings out of 474773
 301 string characters out of 5757725
 1917839 words of memory out of 5000000
 22269 multiletter control sequences out of 15000+600000
 558069 words of font info for 36 fonts, out of 8000000 for 9000
 1348 hyphenation exceptions out of 8191
 15i,0n,20p,538b,14s stack positions out of 10000i,1000n,20000p,200000b,200000s
No pages of output.
